<?xml version="1.0" encoding="UTF-8"?>
<testsuite xmlns:xsi="http://www.w3.org/2001/XMLSchema-instance" xsi:noNamespaceSchemaLocation="https://maven.apache.org/surefire/maven-surefire-plugin/xsd/surefire-test-report.xsd" name="org.CodingChallengeWithMaven.CeilingFanOperationsTest" time="0.03" tests="6" errors="0" skipped="0" failures="0">
  <properties>
    <property name="java.specification.version" value="16"/>
    <property name="sun.cpu.isalist" value="amd64"/>
    <property name="sun.jnu.encoding" value="Cp1252"/>
    <property name="java.class.path" value="C:\Users\SamyuTilak\eclipse-workspace\CodingChallengeWithMaven\target\test-classes;C:\Users\SamyuTilak\eclipse-workspace\CodingChallengeWithMaven\target\classes;C:\Users\SamyuTilak\.m2\repository\junit\junit\4.11\junit-4.11.jar;C:\Users\SamyuTilak\.m2\repository\org\hamcrest\hamcrest-core\1.3\hamcrest-core-1.3.jar;"/>
    <property name="java.vm.vendor" value="Oracle Corporation"/>
    <property name="sun.arch.data.model" value="64"/>
    <property name="user.variant" value=""/>
    <property name="java.vendor.url" value="https://java.oracle.com/"/>
    <property name="user.timezone" value="America/Toronto"/>
    <property name="os.name" value="Windows 10"/>
    <property name="java.vm.specification.version" value="16"/>
    <property name="sun.java.launcher" value="SUN_STANDARD"/>
    <property name="user.country" value="CA"/>
    <property name="sun.boot.library.path" value="C:\Users\SamyuTilak\.p2\pool\plugins\org.eclipse.justj.openjdk.hotspot.jre.full.win32.x86_64_16.0.2.v20210721-1149\jre\bin"/>
    <property name="sun.java.command" value="C:\Users\SAMYUT~1\AppData\Local\Temp\surefire11254468108368331547\surefirebooter14062697519583047516.jar C:\Users\SamyuTilak\AppData\Local\Temp\surefire11254468108368331547 2021-10-20T12-46-57_748-jvmRun1 surefire15139405130640812524tmp surefire_015228213901806396530tmp"/>
    <property name="jdk.debug" value="release"/>
    <property name="surefire.test.class.path" value="C:\Users\SamyuTilak\eclipse-workspace\CodingChallengeWithMaven\target\test-classes;C:\Users\SamyuTilak\eclipse-workspace\CodingChallengeWithMaven\target\classes;C:\Users\SamyuTilak\.m2\repository\junit\junit\4.11\junit-4.11.jar;C:\Users\SamyuTilak\.m2\repository\org\hamcrest\hamcrest-core\1.3\hamcrest-core-1.3.jar;"/>
    <property name="sun.cpu.endian" value="little"/>
    <property name="user.home" value="C:\Users\SamyuTilak"/>
    <property name="user.language" value="en"/>
    <property name="java.specification.vendor" value="Oracle Corporation"/>
    <property name="java.version.date" value="2021-07-20"/>
    <property name="java.home" value="C:\Users\SamyuTilak\.p2\pool\plugins\org.eclipse.justj.openjdk.hotspot.jre.full.win32.x86_64_16.0.2.v20210721-1149\jre"/>
    <property name="file.separator" value="\"/>
    <property name="basedir" value="C:\Users\SamyuTilak\eclipse-workspace\CodingChallengeWithMaven"/>
    <property name="java.vm.compressedOopsMode" value="Zero based"/>
    <property name="line.separator" value="&#10;"/>
    <property name="java.vm.specification.vendor" value="Oracle Corporation"/>
    <property name="java.specification.name" value="Java Platform API Specification"/>
    <property name="surefire.real.class.path" value="C:\Users\SAMYUT~1\AppData\Local\Temp\surefire11254468108368331547\surefirebooter14062697519583047516.jar"/>
    <property name="user.script" value=""/>
    <property name="sun.management.compiler" value="HotSpot 64-Bit Tiered Compilers"/>
    <property name="java.runtime.version" value="16.0.2+7-67"/>
    <property name="user.name" value="SamyuTilak"/>
    <property name="path.separator" value=";"/>
    <property name="os.version" value="10.0"/>
    <property name="java.runtime.name" value="OpenJDK Runtime Environment"/>
    <property name="file.encoding" value="Cp1252"/>
    <property name="java.vm.name" value="OpenJDK 64-Bit Server VM"/>
    <property name="localRepository" value="C:\Users\SamyuTilak\.m2\repository"/>
    <property name="java.vendor.url.bug" value="https://bugreport.java.com/bugreport/"/>
    <property name="java.io.tmpdir" value="C:\Users\SAMYUT~1\AppData\Local\Temp\"/>
    <property name="java.version" value="16.0.2"/>
    <property name="user.dir" value="C:\Users\SamyuTilak\eclipse-workspace\CodingChallengeWithMaven"/>
    <property name="os.arch" value="amd64"/>
    <property name="java.vm.specification.name" value="Java Virtual Machine Specification"/>
    <property name="sun.os.patch.level" value=""/>
    <property name="java.library.path" value="C:\Users\SamyuTilak\.p2\pool\plugins\org.eclipse.justj.openjdk.hotspot.jre.full.win32.x86_64_16.0.2.v20210721-1149\jre\bin;C:\Windows\Sun\Java\bin;C:\Windows\system32;C:\Windows;C:/Users/SamyuTilak/.p2/pool/plugins/org.eclipse.justj.openjdk.hotspot.jre.full.win32.x86_64_16.0.2.v20210721-1149/jre/bin/server;C:/Users/SamyuTilak/.p2/pool/plugins/org.eclipse.justj.openjdk.hotspot.jre.full.win32.x86_64_16.0.2.v20210721-1149/jre/bin;C:\Windows\system32;C:\Windows;C:\Windows\System32\Wbem;C:\Windows\System32\WindowsPowerShell\v1.0\;C:\Windows\System32\OpenSSH\;C:\Users\SamyuTilak\AppData\Local\Microsoft\WindowsApps;;C:\Windows\system32;;."/>
    <property name="java.vm.info" value="mixed mode"/>
    <property name="java.vendor" value="Oracle Corporation"/>
    <property name="java.vm.version" value="16.0.2+7-67"/>
    <property name="sun.io.unicode.encoding" value="UnicodeLittle"/>
    <property name="java.class.version" value="60.0"/>
  </properties>
  <testcase name="changeDirectionShouldThrowExceptionWhenFanIsAtRest" classname="org.CodingChallengeWithMaven.CeilingFanOperationsTest" time="0.001"/>
  <testcase name="changeSpeedTestShouldChangeSpeedToZeroOnFourthPullCW" classname="org.CodingChallengeWithMaven.CeilingFanOperationsTest" time="0"/>
  <testcase name="changeDirectionShouldGiveDirectionAsACW" classname="org.CodingChallengeWithMaven.CeilingFanOperationsTest" time="0.001"/>
  <testcase name="changeDirectionShouldGiveCWDirectionAsDefault" classname="org.CodingChallengeWithMaven.CeilingFanOperationsTest" time="0"/>
  <testcase name="changeSpeedTestShouldChangeTotalSpeedToThreeAfterPullingThreeTimesCW" classname="org.CodingChallengeWithMaven.CeilingFanOperationsTest" time="0.001"/>
  <testcase name="changeSpeedTestShouldToTwoAfterPullingTwoTimesCW" classname="org.CodingChallengeWithMaven.CeilingFanOperationsTest" time="0"/>
</testsuite>